Vacuuming done, freed 0B of archived journals from /run/log/journal.
Vacuuming done, freed 0B of archived journals from /var/log/journal.
Deleted archived journal /var/log/journal/73199bd9ada344a8897cf75a1ce8d4b8/system@000647c0706703bb-f3e34745cad814f6.journal~ (8M).
Vacuuming done, freed 8M of archived journals from /var/log/journal/73199bd9ada344a8897cf75a1ce8d4b8.
PASS: /var/log/journal/73199bd9ada344a8897cf75a1ce8d4b8/system.journal
PASS: /var/log/journal/73199bd9ada344a8897cf75a1ce8d4b8/user-1000@000647c070d83eeb-62e54ae996555d1a.journal~
PASS: /var/log/journal/73199bd9ada344a8897cf75a1ce8d4b8/user-1000.journal
Был создан бэкап: /etc/systemd/journald.conf.original
#SystemMaxUse был заменен
#SystemMaxFileSize был заменен на SystemMaxFileSize=40M
/etc/sysctl.d/99-custom.conf создан
vm.swappiness=10 был добавлен в конце /etc/sysctl.d/99-custom.conf
vm.vfs_cache_pressure=65 бы добавлен в конце /etc/sysctl.d/99-custom.conf
ParallelDownloads было заменено значение на 10
Color был включен
Идет обновление системы
:: Synchronizing package databases...
 core downloading...
 extra downloading...
 multilib downloading...
:: Starting full system upgrade...
 there is nothing to do
Обновление завершено
Идет установка пакетов
warning: noto-fonts-1:2026.01.01-1 is up to date -- skipping
warning: noto-fonts-emoji-1:2.051-1 is up to date -- skipping
warning: ttf-liberation-2.1.5-2 is up to date -- skipping
warning: ttf-hack-3.003-7 is up to date -- skipping
resolving dependencies...
looking for conflicting packages...

Packages (8) ttf-nerd-fonts-symbols-common-3.4.0-1  noto-fonts-cjk-20240730-1  noto-fonts-extra-1:2026.01.01-1  powerline-fonts-2.8.4-3  ttf-dejavu-2.37+18+g9b5d1b2f-7  ttf-fira-code-6.2-2  ttf-jetbrains-mono-2.304-2  ttf-nerd-fonts-symbols-3.4.0-1

Total Download Size:   261.04 MiB
Total Installed Size:  651.25 MiB

:: Proceed with installation? [Y/n] 
:: Retrieving packages...
